
Cadence Innovus(TM) Implementation System.
Copyright 2020 Cadence Design Systems, Inc. All rights reserved worldwide.

Version:	v20.15-s105_1, built Tue Jul 27 14:15:35 PDT 2021
Options:	
Date:		Fri Dec 13 11:03:32 2024
Host:		ee31 (x86_64 w/Linux 3.10.0-1160.102.1.el7.x86_64) (32cores*128cpus*AMD EPYC 7573X 32-Core Processor 512KB)
OS:		CentOS Linux release 7.9.2009 (Core)

License:
		invs	Innovus Implementation System	20.1	checkout succeeded
		8 CPU jobs allowed with the current license(s). Use setMultiCpuUsage to set your required CPU count.
Change the soft stacksize limit to 0.2%RAM (966 mbytes). Set global soft_stack_size_limit to change the value.

**INFO:  MMMC transition support version v31-84 

<CMD> set_global _enable_mmmc_by_default_flow      $CTE::mmmc_default
<CMD> suppressMessage ENCEXT-2799
<CMD> getVersion
[INFO] Loading Pegasus 21.21 fill procedures
<CMD> win
<CMD> create_rc_corner -name RC_Corner -cap_table {RC/u18_Faraday.CapTbl} -preRoute_res {1.0} -preRoute_cap {1.0} -preRoute_clkres {0.0} -preRoute_clkcap {0.0} -postRoute_res {1.0} -postRoute_cap {1.0} -postRoute_xcap {1.0} -postRoute_clkres {0.0} -postRoute_clkcap {0.0} -qx_tech_file {RC/icecaps.tch}
<CMD> create_library_set -name lib_max -timing {LIB/fsa0m_a_generic_core_ss1p62v125c.lib LIB/fsa0m_a_t33_generic_io_ss1p62v125c.lib LIB/SUMA180_1024X8X1BM2_WC.lib} -si {CeltIC/u18_ss.cdb}
<CMD> create_library_set -name lib_min -timing {LIB/fsa0m_a_generic_core_ff1p98vm40c.lib LIB/fsa0m_a_t33_generic_io_ff1p98vm40c.lib LIB/SUMA180_1024X8X1BM2_BC.lib} -si {CeltIC/u18_ff.cdb}
<CMD> create_constraint_mode -name func_mode -sdc_files {CHIP.sdc}
**ERROR: (TCLCMD-989):	cannot open SDC file 'CHIP.sdc' for mode 'func_mode'
**ERROR: 
**INFO (INTERRUPT): The current script will stop before next command.
**INFO (INTERRUPT): One more Ctrl-C to exit Innovus ...
Innovus terminated by user interrupt.

*** Memory Usage v#1 (Current mem = 927.672M, initial mem = 292.375M) ***
*** Message Summary: 0 warning(s), 1 error(s)

--- Ending "Innovus" (totcpu=0:00:15.8, real=0:00:56.0, mem=927.7M) ---
